6.0.0 02-12-2017 18:38:38 Starting new session. Mods: examplemod 
6.0.0 02-12-2017 18:38:41 ERROR: null: Tried to create good from block with no item: saddle;73;0;Selle
6.0.0 02-12-2017 18:38:48 MAJOR: null: Loading language: en_US
6.0.0 02-12-2017 18:38:48 ERROR: Culture: inuits: en_US: In dialogue file /home/zoythrus/.minecraft/mods/millenaire/languages/en/inuits_dialogues.txt the following line is invalid: ﻿newchat;key:rain,tag:notraining,weigth:10
6.0.0 02-12-2017 18:38:48 ERROR: Culture: inuits: en_US: In dialogue file /home/zoythrus/.minecraft/mods/millenaire/languages/en/inuits_dialogues.txt the following line is invalid: v1;0;kisu qanniqtuq? / Is it snowing?
6.0.0 02-12-2017 18:38:48 ERROR: Culture: inuits: en_US: In dialogue file /home/zoythrus/.minecraft/mods/millenaire/languages/en/inuits_dialogues.txt the following line is invalid: v2;30;aamai qiuvit?? / It looks like snow but doesn't seem to be cold?
6.0.0 02-12-2017 18:38:48 ERROR: Culture: inuits: en: In dialogue file /home/zoythrus/.minecraft/mods/millenaire/languages/en/inuits_dialogues.txt the following line is invalid: ﻿newchat;key:rain,tag:notraining,weigth:10
6.0.0 02-12-2017 18:38:48 ERROR: Culture: inuits: en: In dialogue file /home/zoythrus/.minecraft/mods/millenaire/languages/en/inuits_dialogues.txt the following line is invalid: v1;0;kisu qanniqtuq? / Is it snowing?
6.0.0 02-12-2017 18:38:48 ERROR: Culture: inuits: en: In dialogue file /home/zoythrus/.minecraft/mods/millenaire/languages/en/inuits_dialogues.txt the following line is invalid: v2;30;aamai qiuvit?? / It looks like snow but doesn't seem to be cold?
6.0.0 02-12-2017 18:38:48 ERROR: Culture: hindi: nl: In dialogue file /home/zoythrus/.minecraft/mods/millenaire/languages/nl/hindi_dialogues.txt the following line is invalid: ﻿//Note to translators: the version in devanagari (Hindi script) is for reference purpose. It will not show in game.
6.0.0 02-12-2017 18:38:48 MAJOR: null: Language loaded: en_US. Wand name: Wand of Summoning Wand invitem name: item.ml_villageWand.name
6.0.0 02-12-2017 18:38:48 MAJOR: null: Generating building res file.
6.0.0 02-12-2017 18:38:48 MAJOR: null: Generated building res file.
6.0.0 20-12-2017 17:57:06 Starting new session. Mods: examplemod 
6.0.0 20-12-2017 17:57:10 ERROR: null: Tried to create good from block with no item: saddle;73;0;Selle
6.0.0 20-12-2017 17:57:12 ERROR: Culture: inuits: Good cider is present twice in the goods list.
6.0.0 20-12-2017 17:57:17 MAJOR: null: Loading language: en_us
6.0.0 20-12-2017 17:57:17 ERROR: Culture: inuits: en_us: In dialogue file /home/zoythrus/.minecraft/mods/millenaire/languages/en/inuits_dialogues.txt the following line is invalid: ﻿newchat;key:rain,tag:notraining,weigth:10
6.0.0 20-12-2017 17:57:17 ERROR: Culture: inuits: en_us: In dialogue file /home/zoythrus/.minecraft/mods/millenaire/languages/en/inuits_dialogues.txt the following line is invalid: v1;0;kisu qanniqtuq? / Is it snowing?
6.0.0 20-12-2017 17:57:17 ERROR: Culture: inuits: en_us: In dialogue file /home/zoythrus/.minecraft/mods/millenaire/languages/en/inuits_dialogues.txt the following line is invalid: v2;30;aamai qiuvit?? / It looks like snow but doesn't seem to be cold?
6.0.0 20-12-2017 17:57:17 ERROR: Culture: inuits: en: In dialogue file /home/zoythrus/.minecraft/mods/millenaire/languages/en/inuits_dialogues.txt the following line is invalid: ﻿newchat;key:rain,tag:notraining,weigth:10
6.0.0 20-12-2017 17:57:17 ERROR: Culture: inuits: en: In dialogue file /home/zoythrus/.minecraft/mods/millenaire/languages/en/inuits_dialogues.txt the following line is invalid: v1;0;kisu qanniqtuq? / Is it snowing?
6.0.0 20-12-2017 17:57:17 ERROR: Culture: inuits: en: In dialogue file /home/zoythrus/.minecraft/mods/millenaire/languages/en/inuits_dialogues.txt the following line is invalid: v2;30;aamai qiuvit?? / It looks like snow but doesn't seem to be cold?
6.0.0 20-12-2017 17:57:18 ERROR: Culture: hindi: nl: In dialogue file /home/zoythrus/.minecraft/mods/millenaire/languages/nl/hindi_dialogues.txt the following line is invalid: ﻿//Note to translators: the version in devanagari (Hindi script) is for reference purpose. It will not show in game.
6.0.0 20-12-2017 17:57:18 MAJOR: null: Language loaded: en_us. Wand name: Wand of Summoning Wand invitem name: item.ml_villageWand.name
6.0.0 20-12-2017 17:57:18 MAJOR: null: Generating building res file.
6.0.0 20-12-2017 17:57:18 MAJOR: null: Generated building res file.
6.0.0 20-12-2017 18:20:55 Starting new session. Mods: examplemod 
6.0.0 20-12-2017 18:20:58 ERROR: null: Tried to create good from block with no item: saddle;73;0;Selle
6.0.0 20-12-2017 18:21:00 ERROR: Culture: inuits: Good cider is present twice in the goods list.
6.0.0 20-12-2017 18:21:05 MAJOR: null: Loading language: en_us
6.0.0 20-12-2017 18:21:05 ERROR: Culture: inuits: en_us: In dialogue file /home/zoythrus/.minecraft/mods/millenaire/languages/en/inuits_dialogues.txt the following line is invalid: ﻿newchat;key:rain,tag:notraining,weigth:10
6.0.0 20-12-2017 18:21:05 ERROR: Culture: inuits: en_us: In dialogue file /home/zoythrus/.minecraft/mods/millenaire/languages/en/inuits_dialogues.txt the following line is invalid: v1;0;kisu qanniqtuq? / Is it snowing?
6.0.0 20-12-2017 18:21:05 ERROR: Culture: inuits: en_us: In dialogue file /home/zoythrus/.minecraft/mods/millenaire/languages/en/inuits_dialogues.txt the following line is invalid: v2;30;aamai qiuvit?? / It looks like snow but doesn't seem to be cold?
6.0.0 20-12-2017 18:21:05 ERROR: Culture: inuits: en: In dialogue file /home/zoythrus/.minecraft/mods/millenaire/languages/en/inuits_dialogues.txt the following line is invalid: ﻿newchat;key:rain,tag:notraining,weigth:10
6.0.0 20-12-2017 18:21:05 ERROR: Culture: inuits: en: In dialogue file /home/zoythrus/.minecraft/mods/millenaire/languages/en/inuits_dialogues.txt the following line is invalid: v1;0;kisu qanniqtuq? / Is it snowing?
6.0.0 20-12-2017 18:21:05 ERROR: Culture: inuits: en: In dialogue file /home/zoythrus/.minecraft/mods/millenaire/languages/en/inuits_dialogues.txt the following line is invalid: v2;30;aamai qiuvit?? / It looks like snow but doesn't seem to be cold?
6.0.0 20-12-2017 18:21:05 ERROR: Culture: hindi: nl: In dialogue file /home/zoythrus/.minecraft/mods/millenaire/languages/nl/hindi_dialogues.txt the following line is invalid: ﻿//Note to translators: the version in devanagari (Hindi script) is for reference purpose. It will not show in game.
6.0.0 20-12-2017 18:21:05 MAJOR: null: Language loaded: en_us. Wand name: Wand of Summoning Wand invitem name: item.ml_villageWand.name
6.0.0 20-12-2017 18:21:05 MAJOR: null: Generating building res file.
6.0.0 20-12-2017 18:21:05 MAJOR: null: Generated building res file.
6.0.0 20-12-2017 18:34:52 Starting new session. Mods: examplemod 
6.0.0 20-12-2017 18:34:55 ERROR: null: Tried to create good from block with no item: saddle;73;0;Selle
6.0.0 20-12-2017 18:34:58 ERROR: Culture: inuits: Good cider is present twice in the goods list.
6.0.0 20-12-2017 18:35:03 MAJOR: null: Loading language: en_us
6.0.0 20-12-2017 18:35:03 ERROR: Culture: inuits: en_us: In dialogue file /home/zoythrus/.minecraft/mods/millenaire/languages/en/inuits_dialogues.txt the following line is invalid: ﻿newchat;key:rain,tag:notraining,weigth:10
6.0.0 20-12-2017 18:35:03 ERROR: Culture: inuits: en_us: In dialogue file /home/zoythrus/.minecraft/mods/millenaire/languages/en/inuits_dialogues.txt the following line is invalid: v1;0;kisu qanniqtuq? / Is it snowing?
6.0.0 20-12-2017 18:35:03 ERROR: Culture: inuits: en_us: In dialogue file /home/zoythrus/.minecraft/mods/millenaire/languages/en/inuits_dialogues.txt the following line is invalid: v2;30;aamai qiuvit?? / It looks like snow but doesn't seem to be cold?
6.0.0 20-12-2017 18:35:03 ERROR: Culture: inuits: en: In dialogue file /home/zoythrus/.minecraft/mods/millenaire/languages/en/inuits_dialogues.txt the following line is invalid: ﻿newchat;key:rain,tag:notraining,weigth:10
6.0.0 20-12-2017 18:35:03 ERROR: Culture: inuits: en: In dialogue file /home/zoythrus/.minecraft/mods/millenaire/languages/en/inuits_dialogues.txt the following line is invalid: v1;0;kisu qanniqtuq? / Is it snowing?
6.0.0 20-12-2017 18:35:03 ERROR: Culture: inuits: en: In dialogue file /home/zoythrus/.minecraft/mods/millenaire/languages/en/inuits_dialogues.txt the following line is invalid: v2;30;aamai qiuvit?? / It looks like snow but doesn't seem to be cold?
6.0.0 20-12-2017 18:35:03 ERROR: Culture: hindi: nl: In dialogue file /home/zoythrus/.minecraft/mods/millenaire/languages/nl/hindi_dialogues.txt the following line is invalid: ﻿//Note to translators: the version in devanagari (Hindi script) is for reference purpose. It will not show in game.
6.0.0 20-12-2017 18:35:03 MAJOR: null: Language loaded: en_us. Wand name: Wand of Summoning Wand invitem name: item.ml_villageWand.name
6.0.0 20-12-2017 18:35:03 MAJOR: null: Generating building res file.
6.0.0 20-12-2017 18:35:03 MAJOR: null: Generated building res file.
6.0.0 20-12-2017 18:41:27 Starting new session. Mods: examplemod 
6.0.0 20-12-2017 18:41:31 ERROR: null: Tried to create good from block with no item: carving;milladon:unknownBlock;0
6.0.0 20-12-2017 18:41:31 ERROR: null: Tried to create good from block with no item: saddle;73;0;Selle
6.0.0 20-12-2017 18:41:31 ERROR: null: Unknown held item in generic goal makecarving.txt: heldItems=bone,carving
6.0.0 20-12-2017 18:41:31 ERROR: null: Unknown output item in generic crafting goal makecarving.txt: output=carving,1
6.0.0 20-12-2017 18:41:31 ERROR: null: Unknown buildinglimits item in generic goal makecarving.txt: buildinglimit=carving,16
6.0.0 20-12-2017 18:41:33 ERROR: Culture: inuits: Good cider is present twice in the goods list.
6.0.0 20-12-2017 18:41:33 ERROR: Culture: inuits: Unknown good on line: carving,16*64,12*64,0,16,20*64,false,,0,tradehelp.wood
6.0.0 20-12-2017 18:41:33 ERROR: Culture: inuits: Unknown good when loading shop townhall.txt: carving
6.0.0 20-12-2017 18:41:33 ERROR: Culture: inuits: Unknown good when loading shop townhall.txt: carving
6.0.0 20-12-2017 18:41:33 ERROR: Culture: inuits: Unknown good when loading shop townhall.txt: carving
6.0.0 20-12-2017 18:41:33 ERROR: null: Unknown merchantstock found when loading villager type inuit_merchant_snow.txt: carving,8
6.0.0 20-12-2017 18:41:38 MAJOR: null: Loading language: en_us
6.0.0 20-12-2017 18:41:38 ERROR: Culture: inuits: en_us: In dialogue file /home/zoythrus/.minecraft/mods/millenaire/languages/en/inuits_dialogues.txt the following line is invalid: ﻿newchat;key:rain,tag:notraining,weigth:10
6.0.0 20-12-2017 18:41:38 ERROR: Culture: inuits: en_us: In dialogue file /home/zoythrus/.minecraft/mods/millenaire/languages/en/inuits_dialogues.txt the following line is invalid: v1;0;kisu qanniqtuq? / Is it snowing?
6.0.0 20-12-2017 18:41:38 ERROR: Culture: inuits: en_us: In dialogue file /home/zoythrus/.minecraft/mods/millenaire/languages/en/inuits_dialogues.txt the following line is invalid: v2;30;aamai qiuvit?? / It looks like snow but doesn't seem to be cold?
6.0.0 20-12-2017 18:41:38 ERROR: Culture: inuits: en: In dialogue file /home/zoythrus/.minecraft/mods/millenaire/languages/en/inuits_dialogues.txt the following line is invalid: ﻿newchat;key:rain,tag:notraining,weigth:10
6.0.0 20-12-2017 18:41:38 ERROR: Culture: inuits: en: In dialogue file /home/zoythrus/.minecraft/mods/millenaire/languages/en/inuits_dialogues.txt the following line is invalid: v1;0;kisu qanniqtuq? / Is it snowing?
6.0.0 20-12-2017 18:41:38 ERROR: Culture: inuits: en: In dialogue file /home/zoythrus/.minecraft/mods/millenaire/languages/en/inuits_dialogues.txt the following line is invalid: v2;30;aamai qiuvit?? / It looks like snow but doesn't seem to be cold?
6.0.0 20-12-2017 18:41:38 ERROR: Culture: hindi: nl: In dialogue file /home/zoythrus/.minecraft/mods/millenaire/languages/nl/hindi_dialogues.txt the following line is invalid: ﻿//Note to translators: the version in devanagari (Hindi script) is for reference purpose. It will not show in game.
6.0.0 20-12-2017 18:41:38 MAJOR: null: Language loaded: en_us. Wand name: Wand of Summoning Wand invitem name: item.ml_villageWand.name
6.0.0 20-12-2017 18:41:38 MAJOR: null: Generating building res file.
6.0.0 20-12-2017 18:41:39 MAJOR: null: Generated building res file.
6.0.0 20-12-2017 18:43:29 Starting new session. Mods: examplemod 
6.0.0 20-12-2017 18:43:32 ERROR: null: Tried to create good from block with no item: carving;milladon:unknownBlock;0
6.0.0 20-12-2017 18:43:32 ERROR: null: Tried to create good from block with no item: saddle;73;0;Selle
6.0.0 20-12-2017 18:43:33 ERROR: null: Unknown held item in generic goal makecarving.txt: heldItems=bone,carving
6.0.0 20-12-2017 18:43:33 ERROR: null: Unknown output item in generic crafting goal makecarving.txt: output=carving,1
6.0.0 20-12-2017 18:43:33 ERROR: null: Unknown buildinglimits item in generic goal makecarving.txt: buildinglimit=carving,16
6.0.0 20-12-2017 18:43:34 ERROR: Culture: inuits: Good cider is present twice in the goods list.
6.0.0 20-12-2017 18:43:34 ERROR: Culture: inuits: Unknown good on line: carving,16*64,12*64,0,16,20*64,false,,0,tradehelp.wood
6.0.0 20-12-2017 18:43:34 ERROR: Culture: inuits: Unknown good when loading shop townhall.txt: carving
6.0.0 20-12-2017 18:43:34 ERROR: Culture: inuits: Unknown good when loading shop townhall.txt: carving
6.0.0 20-12-2017 18:43:34 ERROR: Culture: inuits: Unknown good when loading shop townhall.txt: carving
6.0.0 20-12-2017 18:43:34 ERROR: null: Unknown merchantstock found when loading villager type inuit_merchant_snow.txt: carving,8
6.0.0 20-12-2017 18:43:39 MAJOR: null: Loading language: en_us
6.0.0 20-12-2017 18:43:39 ERROR: Culture: inuits: en_us: In dialogue file /home/zoythrus/.minecraft/mods/millenaire/languages/en/inuits_dialogues.txt the following line is invalid: ﻿newchat;key:rain,tag:notraining,weigth:10
6.0.0 20-12-2017 18:43:39 ERROR: Culture: inuits: en_us: In dialogue file /home/zoythrus/.minecraft/mods/millenaire/languages/en/inuits_dialogues.txt the following line is invalid: v1;0;kisu qanniqtuq? / Is it snowing?
6.0.0 20-12-2017 18:43:39 ERROR: Culture: inuits: en_us: In dialogue file /home/zoythrus/.minecraft/mods/millenaire/languages/en/inuits_dialogues.txt the following line is invalid: v2;30;aamai qiuvit?? / It looks like snow but doesn't seem to be cold?
6.0.0 20-12-2017 18:43:39 ERROR: Culture: inuits: en: In dialogue file /home/zoythrus/.minecraft/mods/millenaire/languages/en/inuits_dialogues.txt the following line is invalid: ﻿newchat;key:rain,tag:notraining,weigth:10
6.0.0 20-12-2017 18:43:39 ERROR: Culture: inuits: en: In dialogue file /home/zoythrus/.minecraft/mods/millenaire/languages/en/inuits_dialogues.txt the following line is invalid: v1;0;kisu qanniqtuq? / Is it snowing?
6.0.0 20-12-2017 18:43:39 ERROR: Culture: inuits: en: In dialogue file /home/zoythrus/.minecraft/mods/millenaire/languages/en/inuits_dialogues.txt the following line is invalid: v2;30;aamai qiuvit?? / It looks like snow but doesn't seem to be cold?
6.0.0 20-12-2017 18:43:40 ERROR: Culture: hindi: nl: In dialogue file /home/zoythrus/.minecraft/mods/millenaire/languages/nl/hindi_dialogues.txt the following line is invalid: ﻿//Note to translators: the version in devanagari (Hindi script) is for reference purpose. It will not show in game.
6.0.0 20-12-2017 18:43:40 MAJOR: null: Language loaded: en_us. Wand name: Wand of Summoning Wand invitem name: item.ml_villageWand.name
6.0.0 20-12-2017 18:43:40 MAJOR: null: Generating building res file.
6.0.0 20-12-2017 18:43:40 MAJOR: null: Generated building res file.
6.0.0 20-12-2017 18:45:25 Starting new session. Mods: examplemod 
6.0.0 20-12-2017 18:45:29 ERROR: null: Tried to create good from block with no item: carving;milladon:unknownBlock;0
6.0.0 20-12-2017 18:45:29 ERROR: null: Tried to create good from block with no item: saddle;73;0;Selle
6.0.0 20-12-2017 18:45:29 ERROR: null: Unknown held item in generic goal makecarving.txt: heldItems=bone,carving
6.0.0 20-12-2017 18:45:29 ERROR: null: Unknown output item in generic crafting goal makecarving.txt: output=carving,1
6.0.0 20-12-2017 18:45:29 ERROR: null: Unknown buildinglimits item in generic goal makecarving.txt: buildinglimit=carving,16
6.0.0 20-12-2017 18:45:31 ERROR: Culture: inuits: Good cider is present twice in the goods list.
6.0.0 20-12-2017 18:45:31 ERROR: Culture: inuits: Unknown good on line: carving,16*64,12*64,0,16,20*64,false,,0,tradehelp.wood
6.0.0 20-12-2017 18:45:31 ERROR: Culture: inuits: Unknown good when loading shop townhall.txt: carving
6.0.0 20-12-2017 18:45:31 ERROR: Culture: inuits: Unknown good when loading shop townhall.txt: carving
6.0.0 20-12-2017 18:45:31 ERROR: Culture: inuits: Unknown good when loading shop townhall.txt: carving
6.0.0 20-12-2017 18:45:31 ERROR: null: Unknown merchantstock found when loading villager type inuit_merchant_snow.txt: carving,8
6.0.0 20-12-2017 18:45:35 MAJOR: null: Loading language: en_us
6.0.0 20-12-2017 18:45:35 ERROR: Culture: inuits: en_us: In dialogue file /home/zoythrus/.minecraft/mods/millenaire/languages/en/inuits_dialogues.txt the following line is invalid: ﻿newchat;key:rain,tag:notraining,weigth:10
6.0.0 20-12-2017 18:45:35 ERROR: Culture: inuits: en_us: In dialogue file /home/zoythrus/.minecraft/mods/millenaire/languages/en/inuits_dialogues.txt the following line is invalid: v1;0;kisu qanniqtuq? / Is it snowing?
6.0.0 20-12-2017 18:45:35 ERROR: Culture: inuits: en_us: In dialogue file /home/zoythrus/.minecraft/mods/millenaire/languages/en/inuits_dialogues.txt the following line is invalid: v2;30;aamai qiuvit?? / It looks like snow but doesn't seem to be cold?
6.0.0 20-12-2017 18:45:35 ERROR: Culture: inuits: en: In dialogue file /home/zoythrus/.minecraft/mods/millenaire/languages/en/inuits_dialogues.txt the following line is invalid: ﻿newchat;key:rain,tag:notraining,weigth:10
6.0.0 20-12-2017 18:45:35 ERROR: Culture: inuits: en: In dialogue file /home/zoythrus/.minecraft/mods/millenaire/languages/en/inuits_dialogues.txt the following line is invalid: v1;0;kisu qanniqtuq? / Is it snowing?
6.0.0 20-12-2017 18:45:35 ERROR: Culture: inuits: en: In dialogue file /home/zoythrus/.minecraft/mods/millenaire/languages/en/inuits_dialogues.txt the following line is invalid: v2;30;aamai qiuvit?? / It looks like snow but doesn't seem to be cold?
6.0.0 20-12-2017 18:45:35 ERROR: Culture: hindi: nl: In dialogue file /home/zoythrus/.minecraft/mods/millenaire/languages/nl/hindi_dialogues.txt the following line is invalid: ﻿//Note to translators: the version in devanagari (Hindi script) is for reference purpose. It will not show in game.
6.0.0 20-12-2017 18:45:35 MAJOR: null: Language loaded: en_us. Wand name: Wand of Summoning Wand invitem name: item.ml_villageWand.name
6.0.0 20-12-2017 18:45:35 MAJOR: null: Generating building res file.
6.0.0 20-12-2017 18:45:36 MAJOR: null: Generated building res file.
6.0.0 20-12-2017 18:47:50 Starting new session. Mods: examplemod 
6.0.0 20-12-2017 18:47:53 ERROR: null: Tried to create good from block with no item: saddle;73;0;Selle
6.0.0 20-12-2017 18:47:55 ERROR: Culture: inuits: Good cider is present twice in the goods list.
6.0.0 20-12-2017 18:47:59 MAJOR: null: Loading language: en_us
6.0.0 20-12-2017 18:47:59 ERROR: Culture: inuits: en_us: In dialogue file /home/zoythrus/.minecraft/mods/millenaire/languages/en/inuits_dialogues.txt the following line is invalid: ﻿newchat;key:rain,tag:notraining,weigth:10
6.0.0 20-12-2017 18:47:59 ERROR: Culture: inuits: en_us: In dialogue file /home/zoythrus/.minecraft/mods/millenaire/languages/en/inuits_dialogues.txt the following line is invalid: v1;0;kisu qanniqtuq? / Is it snowing?
6.0.0 20-12-2017 18:47:59 ERROR: Culture: inuits: en_us: In dialogue file /home/zoythrus/.minecraft/mods/millenaire/languages/en/inuits_dialogues.txt the following line is invalid: v2;30;aamai qiuvit?? / It looks like snow but doesn't seem to be cold?
6.0.0 20-12-2017 18:47:59 ERROR: Culture: inuits: en: In dialogue file /home/zoythrus/.minecraft/mods/millenaire/languages/en/inuits_dialogues.txt the following line is invalid: ﻿newchat;key:rain,tag:notraining,weigth:10
6.0.0 20-12-2017 18:47:59 ERROR: Culture: inuits: en: In dialogue file /home/zoythrus/.minecraft/mods/millenaire/languages/en/inuits_dialogues.txt the following line is invalid: v1;0;kisu qanniqtuq? / Is it snowing?
6.0.0 20-12-2017 18:47:59 ERROR: Culture: inuits: en: In dialogue file /home/zoythrus/.minecraft/mods/millenaire/languages/en/inuits_dialogues.txt the following line is invalid: v2;30;aamai qiuvit?? / It looks like snow but doesn't seem to be cold?
6.0.0 20-12-2017 18:47:59 ERROR: Culture: hindi: nl: In dialogue file /home/zoythrus/.minecraft/mods/millenaire/languages/nl/hindi_dialogues.txt the following line is invalid: ﻿//Note to translators: the version in devanagari (Hindi script) is for reference purpose. It will not show in game.
6.0.0 20-12-2017 18:48:00 MAJOR: null: Language loaded: en_us. Wand name: Wand of Summoning Wand invitem name: item.ml_villageWand.name
6.0.0 20-12-2017 18:48:00 MAJOR: null: Generating building res file.
6.0.0 20-12-2017 18:48:00 MAJOR: null: Generated building res file.
